<?xml version="1.0" encoding="UTF-8"?>
<testsuite name="UserTest" tests="1" skipped="0" failures="0" errors="0" timestamp="2022-12-14T08:15:59" hostname="trevariui-MacBookPro-4.local" time="0.008">
  <properties/>
  <testcase name="name()" classname="UserTest" time="0.008"/>
  <system-out><![CDATA[hello world my name is 10
]]></system-out>
  <system-err><![CDATA[]]></system-err>
</testsuite>
